<?xml version="1.0" encoding="UTF-8"?>
<testng-results skipped="0" failed="0" total="1" passed="1">
  <reporter-output>
  </reporter-output>
  <suite name="Default suite" duration-ms="1497" started-at="2019-04-11T11:01:33Z" finished-at="2019-04-11T11:01:34Z">
    <groups>
    </groups>
    <test name="Default test" duration-ms="1497" started-at="2019-04-11T11:01:33Z" finished-at="2019-04-11T11:01:34Z">
      <class name="com.qait.GoogleMaps.AppTest">
        <test-method status="PASS" signature="Test01_Map()[pri:0, instance:com.qait.GoogleMaps.AppTest@27efef64]" name="Test01_Map" duration-ms="1475" started-at="2019-04-11T16:31:33Z" finished-at="2019-04-11T16:31:34Z">
          <reporter-output>
          </reporter-output>
        </test-method> <!-- Test01_Map -->
      </class> <!-- com.qait.GoogleMaps.AppTest -->
    </test> <!-- Default test -->
  </suite> <!-- Default suite -->
</testng-results>
